<?xml version="1.0" encoding="UTF-8"?>
<!-- Generated by org.testng.reporters.JUnitReportReporter -->
<testsuite hostname="Mukeshs-MacBook-Air.local" failures="0" tests="2" name="tests.E2ETestForBookingDDT" time="2.651" errors="0" timestamp="2024-09-21T08:52:06 IST" skipped="0">
  <testcase classname="tests.E2ETestForBookingDDT" name="createBooking" time="1.516"/>
  <system-out/>
  <testcase classname="tests.E2ETestForBookingDDT" name="createBooking" time="1.135"/>
  <system-out/>
</testsuite> <!-- tests.E2ETestForBookingDDT -->
