<?xml version="1.0" encoding="UTF-8"?>
<!-- Generated by org.testng.reporters.JUnitReportReporter -->
<testsuite hostname="Mukeshs-MacBook-Air.local" failures="0" tests="1" name="tests.BookingAPIs" time="4.869" errors="0" timestamp="2024-09-05T14:34:24 IST" skipped="0">
  <testcase classname="tests.BookingAPIs" name="createBooking" time="4.869"/>
  <system-out/>
</testsuite> <!-- tests.BookingAPIs -->
