<?xml version="1.0" encoding="UTF-8"?>
<!-- Generated by org.testng.reporters.JUnitReportReporter -->
<testsuite hostname="Mukeshs-MacBook-Air.local" failures="0" tests="1" name="tests.BookingAPIUsinFrameworkUsingPOJOBuilderNew" time="3.435" errors="0" timestamp="2024-09-07T18:59:59 IST" skipped="0">
  <testcase classname="tests.BookingAPIUsinFrameworkUsingPOJOBuilderNew" name="createBooking" time="3.435"/>
  <system-out/>
</testsuite> <!-- tests.BookingAPIUsinFrameworkUsingPOJOBuilderNew -->
