<?xml version="1.0" encoding="UTF-8"?>
<!-- Generated by org.testng.reporters.JUnitReportReporter -->
<testsuite hostname="Mukeshs-MacBook-Air.local" failures="0" tests="1" name="tests.BookingAPIUsinFrameworkUsingPOJOBuilder" time="4.210" errors="0" timestamp="2024-09-07T19:19:58 IST" skipped="0">
  <testcase classname="tests.BookingAPIUsinFrameworkUsingPOJOBuilder" name="createBooking" time="4.210"/>
  <system-out/>
</testsuite> <!-- tests.BookingAPIUsinFrameworkUsingPOJOBuilder -->
