<?xml version="1.0" encoding="UTF-8"?>
<!-- Generated by org.testng.reporters.JUnitReportReporter -->
<testsuite hostname="Mukeshs-MacBook-Air.local" failures="0" tests="3" name="tests.BookingAPIUsinFrameworkUsingPOJOBuilderNew4" time="5.733" errors="0" timestamp="2024-09-07T18:59:35 IST" skipped="0">
  <testcase classname="tests.BookingAPIUsinFrameworkUsingPOJOBuilderNew4" name="createBooking" time="1.935"/>
  <system-out/>
  <testcase classname="tests.BookingAPIUsinFrameworkUsingPOJOBuilderNew4" name="updateBooking" time="1.238"/>
  <system-out/>
  <testcase classname="tests.BookingAPIUsinFrameworkUsingPOJOBuilderNew4" name="deleteBooking" time="2.560"/>
  <system-out/>
</testsuite> <!-- tests.BookingAPIUsinFrameworkUsingPOJOBuilderNew4 -->
