<?xml version="1.0" encoding="UTF-8"?>
<!-- Generated by org.testng.reporters.JUnitReportReporter -->
<testsuite hostname="Mukeshs-MacBook-Air.local" failures="0" tests="3" name="tests.BookingAPIUsinFrameworkUsingPOJOBuilderNew3" time="8.262" errors="0" timestamp="2024-09-07T18:59:51 IST" skipped="0">
  <testcase classname="tests.BookingAPIUsinFrameworkUsingPOJOBuilderNew3" name="createBooking" time="4.232"/>
  <system-out/>
  <testcase classname="tests.BookingAPIUsinFrameworkUsingPOJOBuilderNew3" name="updateBooking" time="1.433"/>
  <system-out/>
  <testcase classname="tests.BookingAPIUsinFrameworkUsingPOJOBuilderNew3" name="deleteBooking" time="2.597"/>
  <system-out/>
</testsuite> <!-- tests.BookingAPIUsinFrameworkUsingPOJOBuilderNew3 -->
