<?xml version="1.0" encoding="UTF-8"?>
<!-- Generated by org.testng.reporters.JUnitReportReporter -->
<testsuite hostname="Mukeshs-MacBook-Air.local" failures="0" tests="3" name="tests.BookingAPIUsinFrameworkUsingPOJOBuilder2" time="3.965" errors="0" timestamp="2024-09-08T09:32:10 IST" skipped="0">
  <testcase classname="tests.BookingAPIUsinFrameworkUsingPOJOBuilder2" name="createBooking" time="1.525"/>
  <system-out/>
  <testcase classname="tests.BookingAPIUsinFrameworkUsingPOJOBuilder2" name="updateBooking" time="1.238"/>
  <system-out/>
  <testcase classname="tests.BookingAPIUsinFrameworkUsingPOJOBuilder2" name="deleteBooking" time="1.202"/>
  <system-out/>
</testsuite> <!-- tests.BookingAPIUsinFrameworkUsingPOJOBuilder2 -->
