<?xml version="1.0" encoding="UTF-8"?>
<!-- Generated by org.testng.reporters.JUnitReportReporter -->
<testsuite hostname="Mukeshs-MacBook-Air.local" failures="0" tests="3" name="tests.E2ETestForBooking" time="3.429" errors="0" timestamp="2024-09-14T09:24:09 IST" skipped="0">
  <testcase classname="tests.E2ETestForBooking" name="createBooking" time="1.215"/>
  <system-out/>
  <testcase classname="tests.E2ETestForBooking" name="updateBooking" time="1.116"/>
  <system-out/>
  <testcase classname="tests.E2ETestForBooking" name="deleteBooking" time="1.098"/>
  <system-out/>
</testsuite> <!-- tests.E2ETestForBooking -->
