<?xml version="1.0" encoding="UTF-8"?>
<!-- Generated by org.testng.reporters.JUnitReportReporter -->
<testsuite hostname="Mukeshs-MacBook-Air.local" failures="0" tests="3" name="tests.E2ETestForBooking" time="3.466" errors="0" timestamp="2024-09-14T07:51:41 IST" skipped="0">
  <testcase classname="tests.E2ETestForBooking" name="createBooking" time="1.238"/>
  <system-out/>
  <testcase classname="tests.E2ETestForBooking" name="updateBooking" time="1.117"/>
  <system-out/>
  <testcase classname="tests.E2ETestForBooking" name="deleteBooking" time="1.111"/>
  <system-out/>
</testsuite> <!-- tests.E2ETestForBooking -->
